Using pre-set license
Built from '2022.3/staging' branch; Version is '2022.3.14f1 (eff2de9070d8) revision 15725278'; Using compiler version '192829333'; Build Type 'Release'
OS: 'Windows 11  (10.0.22621) 64bit CoreSingleLanguage' Language: 'ko' Physical Memory: 16291 MB
BatchMode: 1, IsHumanControllingUs: 0, StartBugReporterOnCrash: 0, Is64bit: 1, IsPro: 1

COMMAND LINE ARGUMENTS:
D:\unity\2022.3.14f1\Editor\Unity.exe
-adb2
-batchMode
-noUpm
-name
AssetImportWorker3
-projectPath
D:/unity/VRunity
-logFile
Logs/AssetImportWorker3.log
-srvPort
59184
Successfully changed project path to: D:/unity/VRunity
D:/unity/VRunity
[UnityMemory] Configuration Parameters - Can be set up in boot.config
    "memorysetup-bucket-allocator-granularity=16"
    "memorysetup-bucket-allocator-bucket-count=8"
    "memorysetup-bucket-allocator-block-size=33554432"
    "memorysetup-bucket-allocator-block-count=8"
    "memorysetup-main-allocator-block-size=16777216"
    "memorysetup-thread-allocator-block-size=16777216"
    "memorysetup-gfx-main-allocator-block-size=16777216"
    "memorysetup-gfx-thread-allocator-block-size=16777216"
    "memorysetup-cache-allocator-block-size=4194304"
    "memorysetup-typetree-allocator-block-size=2097152"
    "memorysetup-profiler-bucket-allocator-granularity=16"
    "memorysetup-profiler-bucket-allocator-bucket-count=8"
    "memorysetup-profiler-bucket-allocator-block-size=33554432"
    "memorysetup-profiler-bucket-allocator-block-count=8"
    "memorysetup-profiler-allocator-block-size=16777216"
    "memorysetup-profiler-editor-allocator-block-size=1048576"
    "memorysetup-temp-allocator-size-main=16777216"
    "memorysetup-job-temp-allocator-block-size=2097152"
    "memorysetup-job-temp-allocator-block-size-background=1048576"
    "memorysetup-job-temp-allocator-reduction-small-platforms=262144"
    "memorysetup-allocator-temp-initial-block-size-main=262144"
    "memorysetup-allocator-temp-initial-block-size-worker=262144"
    "memorysetup-temp-allocator-size-background-worker=32768"
    "memorysetup-temp-allocator-size-job-worker=262144"
    "memorysetup-temp-allocator-size-preload-manager=33554432"
    "memorysetup-temp-allocator-size-nav-mesh-worker=65536"
    "memorysetup-temp-allocator-size-audio-worker=65536"
    "memorysetup-temp-allocator-size-cloud-worker=32768"
    "memorysetup-temp-allocator-size-gi-baking-worker=262144"
    "memorysetup-temp-allocator-size-gfx=262144"
Player connection [15072] Host "[IP] 211.243.119.208 [Port] 0 [Flags] 2 [Guid] 1248869687 [EditorId] 1248869687 [Version] 1048832 [Id] WindowsEditor(7,DESKTOP-DIM6949) [Debug] 1 [PackageName] WindowsEditor [ProjectName] Editor" joined multi-casting on [225.0.0.222:54997]...

Player connection [15072] Host "[IP] 211.243.119.208 [Port] 0 [Flags] 2 [Guid] 1248869687 [EditorId] 1248869687 [Version] 1048832 [Id] WindowsEditor(7,DESKTOP-DIM6949) [Debug] 1 [PackageName] WindowsEditor [ProjectName] Editor" joined alternative multi-casting on [225.0.0.222:34997]...

[Physics::Module] Initialized MultithreadedJobDispatcher with 11 workers.
Refreshing native plugins compatible for Editor in 22.43 ms, found 9 plugins.
Preloading 0 native plugins for Editor in 0.00 ms.
Initialize engine version: 2022.3.14f1 (eff2de9070d8)
[Subsystems] Discovering subsystems at path D:/unity/2022.3.14f1/Editor/Data/Resources/UnitySubsystems
[Subsystems] Discovering subsystems at path D:/unity/VRunity/Assets
GfxDevice: creating device client; threaded=0; jobified=0
Direct3D:
    Version:  Direct3D 11.0 [level 11.1]
    Renderer: NVIDIA GeForce GTX 1660 SUPER (ID=0x21c4)
    Vendor:   NVIDIA
    VRAM:     5980 MB
    Driver:   31.0.15.3734
Initialize mono
Mono path[0] = 'D:/unity/2022.3.14f1/Editor/Data/Managed'
Mono path[1] = 'D:/unity/2022.3.14f1/Editor/Data/MonoBleedingEdge/lib/mono/unityjit-win32'
Mono config path = 'D:/unity/2022.3.14f1/Editor/Data/MonoBleedingEdge/etc'
Using monoOptions --debugger-agent=transport=dt_socket,embedding=1,server=y,suspend=n,address=127.0.0.1:56136
Begin MonoManager ReloadAssembly
Registering precompiled unity dll's ...
Register platform support module: D:/unity/2022.3.14f1/Editor/Data/PlaybackEngines/WindowsStandaloneSupport/UnityEditor.WindowsStandalone.Extensions.dll
Register platform support module: D:/unity/2022.3.14f1/Editor/Data/PlaybackEngines/MetroSupport/UnityEditor.UWP.Extensions.dll
Registered in 0.004432 seconds.
- Loaded All Assemblies, in  0.311 seconds
Native extension for UWP target not found
Native extension for WindowsStandalone target not found
Mono: successfully reloaded assembly
- Finished resetting the current domain, in  0.208 seconds
Domain Reload Profiling: 518ms
	BeginReloadAssembly (104ms)
		ExecutionOrderSort (0ms)
		DisableScriptedObjects (0ms)
		BackupInstance (0ms)
		ReleaseScriptingObjects (0ms)
		CreateAndSetChildDomain (1ms)
	RebuildCommonClasses (30ms)
	RebuildNativeTypeToScriptingClass (8ms)
	initialDomainReloadingComplete (40ms)
	LoadAllAssembliesAndSetupDomain (128ms)
		LoadAssemblies (104ms)
		RebuildTransferFunctionScriptingTraits (0ms)
		AnalyzeDomain (126ms)
			TypeCache.Refresh (124ms)
				TypeCache.ScanAssembly (111ms)
			ScanForSourceGeneratedMonoScriptInfo (0ms)
			ResolveRequiredComponents (0ms)
	FinalizeReload (208ms)
		ReleaseScriptCaches (0ms)
		RebuildScriptCaches (0ms)
		SetupLoadedEditorAssemblies (156ms)
			LogAssemblyErrors (0ms)
			InitializePlatformSupportModulesInManaged (7ms)
			SetLoadedEditorAssemblies (4ms)
			RefreshPlugins (0ms)
			BeforeProcessingInitializeOnLoad (2ms)
			ProcessInitializeOnLoadAttributes (106ms)
			ProcessInitializeOnLoadMethodAttributes (38ms)
			AfterProcessingInitializeOnLoad (0ms)
			EditorAssembliesLoaded (0ms)
		ExecutionOrderSort2 (0ms)
		AwakeInstancesAfterBackupRestoration (0ms)
========================================================================
Worker process is ready to serve import requests
Begin MonoManager ReloadAssembly
- Loaded All Assemblies, in  0.485 seconds
Refreshing native plugins compatible for Editor in 9.84 ms, found 9 plugins.
Native extension for UWP target not found
Native extension for WindowsStandalone target not found
Package Manager log level set to [2]
[Package Manager] Server::EnsureServerProcessIsRunning -- launch failed, reason: Unity was launched with the -noUpm command-line argument
[Package Manager] UpmClient::Send -- Unable to send message (not connected to UPM process).
[Package Manager] Cannot connect to Unity Package Manager local server
[Package Manager] Server::EnsureServerProcessIsRunning -- launch failed, reason: Unity was launched with the -noUpm command-line argument
[Package Manager] UpmClient::Send -- Unable to send message (not connected to UPM process).
[Package Manager] Cannot connect to Unity Package Manager local server
Mono: successfully reloaded assembly
[Package Manager] Server::EnsureServerProcessIsRunning -- launch failed, reason: Unity was launched with the -noUpm command-line argument
[Package Manager] UpmClient::Send -- Unable to send message (not connected to UPM process).
[Package Manager] Cannot connect to Unity Package Manager local server
[Package Manager] Server::EnsureServerProcessIsRunning -- launch failed, reason: Unity was launched with the -noUpm command-line argument
[Package Manager] UpmClient::Send -- Unable to send message (not connected to UPM process).
[Package Manager] Cannot connect to Unity Package Manager local server
- Finished resetting the current domain, in  0.527 seconds
Domain Reload Profiling: 1011ms
	BeginReloadAssembly (115ms)
		ExecutionOrderSort (0ms)
		DisableScriptedObjects (4ms)
		BackupInstance (0ms)
		ReleaseScriptingObjects (0ms)
		CreateAndSetChildDomain (16ms)
	RebuildCommonClasses (23ms)
	RebuildNativeTypeToScriptingClass (7ms)
	initialDomainReloadingComplete (27ms)
	LoadAllAssembliesAndSetupDomain (311ms)
		LoadAssemblies (224ms)
		RebuildTransferFunctionScriptingTraits (0ms)
		AnalyzeDomain (159ms)
			TypeCache.Refresh (129ms)
				TypeCache.ScanAssembly (115ms)
			ScanForSourceGeneratedMonoScriptInfo (21ms)
			ResolveRequiredComponents (9ms)
	FinalizeReload (527ms)
		ReleaseScriptCaches (0ms)
		RebuildScriptCaches (0ms)
		SetupLoadedEditorAssemblies (409ms)
			LogAssemblyErrors (0ms)
			InitializePlatformSupportModulesInManaged (4ms)
			SetLoadedEditorAssemblies (2ms)
			RefreshPlugins (0ms)
			BeforeProcessingInitializeOnLoad (59ms)
			ProcessInitializeOnLoadAttributes (271ms)
			ProcessInitializeOnLoadMethodAttributes (71ms)
			AfterProcessingInitializeOnLoad (2ms)
			EditorAssembliesLoaded (0ms)
		ExecutionOrderSort2 (0ms)
		AwakeInstancesAfterBackupRestoration (4ms)
Launched and connected shader compiler UnityShaderCompiler.exe after 0.06 seconds
Refreshing native plugins compatible for Editor in 9.28 ms, found 9 plugins.
Preloading 0 native plugins for Editor in 0.00 ms.
Unloading 6148 Unused Serialized files (Serialized files now loaded: 0)
Unloading 110 unused Assets / (369.6 KB). Loaded Objects now: 6623.
Memory consumption went from 228.0 MB to 227.6 MB.
Total: 2.983200 ms (FindLiveObjects: 0.318200 ms CreateObjectMapping: 0.138500 ms MarkObjects: 2.335800 ms  DeleteObjects: 0.190300 ms)

AssetImportParameters requested are different than current active one (requested -> active):
  custom:container-demuxer-ogg: 62fdf1f143b41e24485cea50d1cbac27 -> 
  custom:video-decoder-ogg-theora: a1e56fd34408186e4bbccfd4996cb3dc -> 
  custom:framework-win-MediaFoundation: 216162199b28c13a410421893ffa2e32 -> 
  custom:CustomObjectIndexerAttribute: a3ef5dd2817f97addfee359851a9dba5 -> 
  custom:container-demuxer-webm: 4f35f7cbe854078d1ac9338744f61a02 -> 
  custom:container-muxer-webm: aa71ff27fc2769a1b78a27578f13a17b -> 
  custom:video-decoder-webm-vp8: 9c59270c3fd7afecdb556c50c9e8de78 -> 
  custom:SearchIndexIgnoredProperties: e643bd26f0fe6173181afceb89e7c659 -> 
  custom:AudioImporter_EditorPlatform: d09bf68614088b80899f8185d706f6e7 -> 
  custom:video-encoder-webm-vp8: eb34c28f22e8b96e1ab97ce403110664 -> 
  custom:audio-decoder-ogg-vorbis: bf7c407c2cedff20999df2af8eb42d56 -> 
  custom:audio-encoder-webm-vorbis: bf7c407c2cedff20999df2af8eb42d56 -> 
========================================================================
Received Import Request.
  Time since last request: 6604.503827 seconds.
  path: Assets/_Course Library/Materials/Object Materials/Material_Main.mat
  artifactKey: Guid(4f816cbd04e37fa47ae16f6a8a40a59d) Importer(815301076,1909f56bfc062723c751e8b465ee728b)
Start importing Assets/_Course Library/Materials/Object Materials/Material_Main.mat using Guid(4f816cbd04e37fa47ae16f6a8a40a59d) Importer(815301076,1909f56bfc062723c751e8b465ee728b)  -> (artifact id: 'ca7b223d6bad1eebf83ac8ef15c18c25') in 0.220669 seconds
Number of updated asset objects reloaded before import = 0
Number of asset objects unloaded after import = 3
========================================================================
Received Import Request.
  Time since last request: 0.000020 seconds.
  path: Assets/_Course Library/Source Files/Models/RoomRustic_Models/Room_Rustic_WindowPanel.fbx
  artifactKey: Guid(8afa789948e44e749ac067c2f82bf4a7) Importer(815301076,1909f56bfc062723c751e8b465ee728b)
Start importing Assets/_Course Library/Source Files/Models/RoomRustic_Models/Room_Rustic_WindowPanel.fbx using Guid(8afa789948e44e749ac067c2f82bf4a7) Importer(815301076,1909f56bfc062723c751e8b465ee728b)  -> (artifact id: 'b3ea1127838dfe761f190a84e927288e') in 0.039864 seconds
Number of updated asset objects reloaded before import = 0
Number of asset objects unloaded after import = 9
========================================================================
Received Import Request.
  Time since last request: 0.000025 seconds.
  path: Assets/_Course Library/Source Files/Models/RoomRustic_Models/Room_Rustic_Window.fbx
  artifactKey: Guid(9f5c53910dd424f42992a7404dd82035) Importer(815301076,1909f56bfc062723c751e8b465ee728b)
Start importing Assets/_Course Library/Source Files/Models/RoomRustic_Models/Room_Rustic_Window.fbx using Guid(9f5c53910dd424f42992a7404dd82035) Importer(815301076,1909f56bfc062723c751e8b465ee728b)  -> (artifact id: 'a0b3cf128ba3c846fd11b64ba259643d') in 0.017935 seconds
Number of updated asset objects reloaded before import = 0
Number of asset objects unloaded after import = 9
========================================================================
Received Import Request.
  Time since last request: 0.000016 seconds.
  path: Assets/Challenges/01_Architecture/Materials/Mountains.mat
  artifactKey: Guid(653136deb0aed4d9c8c793059c92a4c9) Importer(815301076,1909f56bfc062723c751e8b465ee728b)
Start importing Assets/Challenges/01_Architecture/Materials/Mountains.mat using Guid(653136deb0aed4d9c8c793059c92a4c9) Importer(815301076,1909f56bfc062723c751e8b465ee728b)  -> (artifact id: '25f2c56b1a1a178b4b29a9d6a28c24bb') in 0.049845 seconds
Number of updated asset objects reloaded before import = 0
Number of asset objects unloaded after import = 2
========================================================================
Received Import Request.
  Time since last request: 0.000016 seconds.
  path: Assets/Challenges/01_Architecture/Materials/MeasuringStick.mat
  artifactKey: Guid(027f72dd52fda48a5854197587416360) Importer(815301076,1909f56bfc062723c751e8b465ee728b)
Start importing Assets/Challenges/01_Architecture/Materials/MeasuringStick.mat using Guid(027f72dd52fda48a5854197587416360) Importer(815301076,1909f56bfc062723c751e8b465ee728b)  -> (artifact id: 'a3635fab962a62626f976a7daf5e68c5') in 0.013517 seconds
Number of updated asset objects reloaded before import = 0
Number of asset objects unloaded after import = 2
========================================================================
Received Import Request.
  Time since last request: 0.000019 seconds.
  path: Assets/_Course Library/Source Files/Models/RoomRustic_Models/Room_Rustic_DoorPanel.fbx
  artifactKey: Guid(0abeb080ee892454790c294532a792b2) Importer(815301076,1909f56bfc062723c751e8b465ee728b)
Start importing Assets/_Course Library/Source Files/Models/RoomRustic_Models/Room_Rustic_DoorPanel.fbx using Guid(0abeb080ee892454790c294532a792b2) Importer(815301076,1909f56bfc062723c751e8b465ee728b)  -> (artifact id: '80c46a030abb76d75e226ad56b838b57') in 0.016408 seconds
Number of updated asset objects reloaded before import = 0
Number of asset objects unloaded after import = 9
========================================================================
Received Import Request.
  Time since last request: 0.000015 seconds.
  path: Assets/_Course Library/Source Files/Models/RoomModern_Models/Room_Modern_DoorPanel.fbx
  artifactKey: Guid(06fa93e6873e8c44fbd668b15d71fb14) Importer(815301076,1909f56bfc062723c751e8b465ee728b)
Start importing Assets/_Course Library/Source Files/Models/RoomModern_Models/Room_Modern_DoorPanel.fbx using Guid(06fa93e6873e8c44fbd668b15d71fb14) Importer(815301076,1909f56bfc062723c751e8b465ee728b)  -> (artifact id: '265e8caaf7074a8420b3ef381b6db1b6') in 0.016205 seconds
Number of updated asset objects reloaded before import = 0
Number of asset objects unloaded after import = 9
========================================================================
Received Import Request.
  Time since last request: 0.000019 seconds.
  path: Assets/_Course Library/Source Files/Models/Object_Notebook_A.fbx
  artifactKey: Guid(edf87487be9b7d14dab16fae808247b4) Importer(815301076,1909f56bfc062723c751e8b465ee728b)
Start importing Assets/_Course Library/Source Files/Models/Object_Notebook_A.fbx using Guid(edf87487be9b7d14dab16fae808247b4) Importer(815301076,1909f56bfc062723c751e8b465ee728b)  -> (artifact id: 'a4b34989f4c4214a07b98b631dc2eb32') in 0.023162 seconds
Number of updated asset objects reloaded before import = 0
Number of asset objects unloaded after import = 16
========================================================================
Received Import Request.
  Time since last request: 1.051422 seconds.
  path: Assets/_Course Library/Source Files/Models/Object_Phone_B.fbx
  artifactKey: Guid(284d8fb4b47a7e146acc2c49596eb96d) Importer(815301076,1909f56bfc062723c751e8b465ee728b)
Start importing Assets/_Course Library/Source Files/Models/Object_Phone_B.fbx using Guid(284d8fb4b47a7e146acc2c49596eb96d) Importer(815301076,1909f56bfc062723c751e8b465ee728b)  -> (artifact id: '4c8a11e2ab7362cfd644a18a97b3ae01') in 0.016883 seconds
Number of updated asset objects reloaded before import = 0
Number of asset objects unloaded after import = 9
========================================================================
Received Import Request.
  Time since last request: 0.000017 seconds.
  path: Assets/_Course Library/Source Files/Models/Object_Phone_C.fbx
  artifactKey: Guid(990b44c594fb5274bbf2de7afa06b8b7) Importer(815301076,1909f56bfc062723c751e8b465ee728b)
Start importing Assets/_Course Library/Source Files/Models/Object_Phone_C.fbx using Guid(990b44c594fb5274bbf2de7afa06b8b7) Importer(815301076,1909f56bfc062723c751e8b465ee728b)  -> (artifact id: 'a286008a9ece4699e64bba0fd4af3502') in 0.015692 seconds
Number of updated asset objects reloaded before import = 0
Number of asset objects unloaded after import = 9
========================================================================
Received Import Request.
  Time since last request: 0.000019 seconds.
  path: Assets/_Course Library/Source Files/Models/Object_Tablet_A.fbx
  artifactKey: Guid(a580bc49bd40a95468a0c0f47ccc3948) Importer(815301076,1909f56bfc062723c751e8b465ee728b)
Start importing Assets/_Course Library/Source Files/Models/Object_Tablet_A.fbx using Guid(a580bc49bd40a95468a0c0f47ccc3948) Importer(815301076,1909f56bfc062723c751e8b465ee728b)  -> (artifact id: 'a9ac3006688103a74171af93b4377b88') in 0.028504 seconds
Number of updated asset objects reloaded before import = 0
Number of asset objects unloaded after import = 9
========================================================================
Received Import Request.
  Time since last request: 0.000015 seconds.
  path: Assets/_Course Library/Source Files/Models/VR_Hand_B_1.fbx
  artifactKey: Guid(2cc8b85eef177804ca7b98dd2ee74926) Importer(815301076,1909f56bfc062723c751e8b465ee728b)
Start importing Assets/_Course Library/Source Files/Models/VR_Hand_B_1.fbx using Guid(2cc8b85eef177804ca7b98dd2ee74926) Importer(815301076,1909f56bfc062723c751e8b465ee728b)  -> (artifact id: 'b6ae87fa3b96d9be4766319bb9bbaea4') in 0.016415 seconds
Number of updated asset objects reloaded before import = 0
Number of asset objects unloaded after import = 9
========================================================================
Received Import Request.
  Time since last request: 0.000016 seconds.
  path: Assets/_Course Library/Source Files/Models/RoomModern_Models/Room_Modern_Ceiling.fbx
  artifactKey: Guid(a75d353809d8fd14ab9a00b22fb37d36) Importer(815301076,1909f56bfc062723c751e8b465ee728b)
Start importing Assets/_Course Library/Source Files/Models/RoomModern_Models/Room_Modern_Ceiling.fbx using Guid(a75d353809d8fd14ab9a00b22fb37d36) Importer(815301076,1909f56bfc062723c751e8b465ee728b)  -> (artifact id: '8facd345181fed0644ea693ec4750fa0') in 0.018296 seconds
Number of updated asset objects reloaded before import = 0
Number of asset objects unloaded after import = 9
========================================================================
Received Import Request.
  Time since last request: 0.000020 seconds.
  path: Assets/_Course Library/Source Files/Models/Object_Tablet_B.fbx
  artifactKey: Guid(d0736963586b9ef4ab90c4c632f18739) Importer(815301076,1909f56bfc062723c751e8b465ee728b)
Start importing Assets/_Course Library/Source Files/Models/Object_Tablet_B.fbx using Guid(d0736963586b9ef4ab90c4c632f18739) Importer(815301076,1909f56bfc062723c751e8b465ee728b)  -> (artifact id: 'b63c98f89327b524166d1fcd77c575dc') in 0.015875 seconds
Number of updated asset objects reloaded before import = 0
Number of asset objects unloaded after import = 9
========================================================================
Received Import Request.
  Time since last request: 0.202642 seconds.
  path: Assets/_Course Library/Source Files/Models/Table_Coffee_Modern.fbx
  artifactKey: Guid(197b76a1c017ec5478889d7d3e3393bd) Importer(815301076,1909f56bfc062723c751e8b465ee728b)
Start importing Assets/_Course Library/Source Files/Models/Table_Coffee_Modern.fbx using Guid(197b76a1c017ec5478889d7d3e3393bd) Importer(815301076,1909f56bfc062723c751e8b465ee728b)  -> (artifact id: 'bfd4379557402eb4cff0b8fa21d6459c') in 0.015949 seconds
Number of updated asset objects reloaded before import = 0
Number of asset objects unloaded after import = 9
========================================================================
Received Import Request.
  Time since last request: 0.000016 seconds.
  path: Assets/_Course Library/Source Files/Models/Table_Dining_Modern_B.fbx
  artifactKey: Guid(44128cca9d65e6042a63a50810b2f2b3) Importer(815301076,1909f56bfc062723c751e8b465ee728b)
Start importing Assets/_Course Library/Source Files/Models/Table_Dining_Modern_B.fbx using Guid(44128cca9d65e6042a63a50810b2f2b3) Importer(815301076,1909f56bfc062723c751e8b465ee728b)  -> (artifact id: '26de33724b4ecf26ec2fb423212235e2') in 0.016921 seconds
Number of updated asset objects reloaded before import = 0
Number of asset objects unloaded after import = 9
========================================================================
Received Import Request.
  Time since last request: 0.000025 seconds.
  path: Assets/_Course Library/Source Files/Models/Speaker_RecordPlayer_B.fbx
  artifactKey: Guid(7f86208f05f1899429837e10e0907ff8) Importer(815301076,1909f56bfc062723c751e8b465ee728b)
Start importing Assets/_Course Library/Source Files/Models/Speaker_RecordPlayer_B.fbx using Guid(7f86208f05f1899429837e10e0907ff8) Importer(815301076,1909f56bfc062723c751e8b465ee728b)  -> (artifact id: '1a0d1ea194afc486673a1ec921e67cf7') in 0.045478 seconds
Number of updated asset objects reloaded before import = 0
Number of asset objects unloaded after import = 31
========================================================================
Received Import Request.
  Time since last request: 0.000018 seconds.
  path: Assets/_Course Library/Source Files/Models/Table_Side_Traditional.fbx
  artifactKey: Guid(9db8dbf70f24c5f499f088351ba4b805) Importer(815301076,1909f56bfc062723c751e8b465ee728b)
Start importing Assets/_Course Library/Source Files/Models/Table_Side_Traditional.fbx using Guid(9db8dbf70f24c5f499f088351ba4b805) Importer(815301076,1909f56bfc062723c751e8b465ee728b)  -> (artifact id: '90c76f97c4974a01436059fcd5ce534c') in 0.038041 seconds
Number of updated asset objects reloaded before import = 0
Number of asset objects unloaded after import = 16
========================================================================
Received Import Request.
  Time since last request: 0.000016 seconds.
  path: Assets/_Course Library/Source Files/Models/Object_Book_B_2.fbx
  artifactKey: Guid(245d8e23cc030d944b38cf23dff80838) Importer(815301076,1909f56bfc062723c751e8b465ee728b)
Start importing Assets/_Course Library/Source Files/Models/Object_Book_B_2.fbx using Guid(245d8e23cc030d944b38cf23dff80838) Importer(815301076,1909f56bfc062723c751e8b465ee728b)  -> (artifact id: '4bc5603c744d21b34bc51d77ac68717a') in 0.017803 seconds
Number of updated asset objects reloaded before import = 0
Number of asset objects unloaded after import = 9
========================================================================
Received Import Request.
  Time since last request: 0.000017 seconds.
  path: Assets/_Course Library/Source Files/Models/Rug_A_2.fbx
  artifactKey: Guid(9207fa6c58ecec94cb80f02c533aedfe) Importer(815301076,1909f56bfc062723c751e8b465ee728b)
Start importing Assets/_Course Library/Source Files/Models/Rug_A_2.fbx using Guid(9207fa6c58ecec94cb80f02c533aedfe) Importer(815301076,1909f56bfc062723c751e8b465ee728b)  -> (artifact id: '40f10c3179dbb8439ccf9cc56c5caded') in 0.017192 seconds
Number of updated asset objects reloaded before import = 0
Number of asset objects unloaded after import = 9
========================================================================
Received Import Request.
  Time since last request: 0.000015 seconds.
  path: Assets/Samples/XR Interaction Toolkit/2.4.3/Starter Assets/Models/XRControllerRight.fbx
  artifactKey: Guid(11cd62256b1d470f922b2c8e6446cc77) Importer(815301076,1909f56bfc062723c751e8b465ee728b)
Start importing Assets/Samples/XR Interaction Toolkit/2.4.3/Starter Assets/Models/XRControllerRight.fbx using Guid(11cd62256b1d470f922b2c8e6446cc77) Importer(815301076,1909f56bfc062723c751e8b465ee728b)  -> (artifact id: '55d4412564d949f78135612cf50ab057') in 0.055152 seconds
Number of updated asset objects reloaded before import = 0
Number of asset objects unloaded after import = 53
========================================================================
Received Import Request.
  Time since last request: 0.000015 seconds.
  path: Assets/_Course Library/Source Files/Models/Rug_Oval_1.fbx
  artifactKey: Guid(560b914365adb184b80bad2d60ed4886) Importer(815301076,1909f56bfc062723c751e8b465ee728b)
Start importing Assets/_Course Library/Source Files/Models/Rug_Oval_1.fbx using Guid(560b914365adb184b80bad2d60ed4886) Importer(815301076,1909f56bfc062723c751e8b465ee728b)  -> (artifact id: 'b4a5eb5c5326d367ad2d2aa9af85389d') in 0.017802 seconds
Number of updated asset objects reloaded before import = 0
Number of asset objects unloaded after import = 9
========================================================================
Received Import Request.
  Time since last request: 0.000022 seconds.
  path: Assets/_Course Library/Source Files/Models/RoomTraditional_Models/Room_Traditional_Window.fbx
  artifactKey: Guid(c181d071cf3898e4f93504998718f775) Importer(815301076,1909f56bfc062723c751e8b465ee728b)
Start importing Assets/_Course Library/Source Files/Models/RoomTraditional_Models/Room_Traditional_Window.fbx using Guid(c181d071cf3898e4f93504998718f775) Importer(815301076,1909f56bfc062723c751e8b465ee728b)  -> (artifact id: '405396ca54e6b31b0c141f80f3c61dd0') in 0.017677 seconds
Number of updated asset objects reloaded before import = 0
Number of asset objects unloaded after import = 9
========================================================================
Received Import Request.
  Time since last request: 0.000024 seconds.
  path: Assets/_Course Library/Source Files/Models/Table_Dining_Modern_B 1.fbx
  artifactKey: Guid(1e9d9eaccd24a604e8f8c113d2bcd6b3) Importer(815301076,1909f56bfc062723c751e8b465ee728b)
Start importing Assets/_Course Library/Source Files/Models/Table_Dining_Modern_B 1.fbx using Guid(1e9d9eaccd24a604e8f8c113d2bcd6b3) Importer(815301076,1909f56bfc062723c751e8b465ee728b)  -> (artifact id: 'fd23fb5876f74a00f4b70d1dddd1a8d4') in 0.016840 seconds
Number of updated asset objects reloaded before import = 0
Number of asset objects unloaded after import = 9
========================================================================
Received Import Request.
  Time since last request: 0.089357 seconds.
  path: Assets/_Course Library/Source Files/Models/Chandelier_Traditional.fbx
  artifactKey: Guid(30cbc3cd9a16fcc4d8c54a9aa698c080) Importer(815301076,1909f56bfc062723c751e8b465ee728b)
Start importing Assets/_Course Library/Source Files/Models/Chandelier_Traditional.fbx using Guid(30cbc3cd9a16fcc4d8c54a9aa698c080) Importer(815301076,1909f56bfc062723c751e8b465ee728b)  -> (artifact id: '72b892ea632987352349c7e70524863a') in 0.153218 seconds
Number of updated asset objects reloaded before import = 0
Number of asset objects unloaded after import = 9
========================================================================
Received Import Request.
  Time since last request: 0.000016 seconds.
  path: Assets/_Course Library/Source Files/Models/Container_Bottle.fbx
  artifactKey: Guid(a35cbf325c0587f4e81a3f266986c6f7) Importer(815301076,1909f56bfc062723c751e8b465ee728b)
Start importing Assets/_Course Library/Source Files/Models/Container_Bottle.fbx using Guid(a35cbf325c0587f4e81a3f266986c6f7) Importer(815301076,1909f56bfc062723c751e8b465ee728b)  -> (artifact id: '2dfdc6f2f65d4e422d06b1c6f2da3edf') in 0.025073 seconds
Number of updated asset objects reloaded before import = 0
Number of asset objects unloaded after import = 16
========================================================================
Received Import Request.
  Time since last request: 0.000024 seconds.
  path: Assets/_Course Library/Source Files/Models/Couch_Traditional_B.fbx
  artifactKey: Guid(8eb988e5c2855974ebfe21130111a1de) Importer(815301076,1909f56bfc062723c751e8b465ee728b)
Start importing Assets/_Course Library/Source Files/Models/Couch_Traditional_B.fbx using Guid(8eb988e5c2855974ebfe21130111a1de) Importer(815301076,1909f56bfc062723c751e8b465ee728b)  -> (artifact id: '3c9761c618584fb0a9e45745931bca44') in 0.054769 seconds
Number of updated asset objects reloaded before import = 0
Number of asset objects unloaded after import = 9
========================================================================
Received Import Request.
  Time since last request: 0.000012 seconds.
  path: Assets/_Course Library/Source Files/Models/Couch_Rustic_A.fbx
  artifactKey: Guid(73f91ad77ea89db4c9425fca449fb929) Importer(815301076,1909f56bfc062723c751e8b465ee728b)
Start importing Assets/_Course Library/Source Files/Models/Couch_Rustic_A.fbx using Guid(73f91ad77ea89db4c9425fca449fb929) Importer(815301076,1909f56bfc062723c751e8b465ee728b)  -> (artifact id: '2bcbc645938a2157a9bb6bab24ecefad') in 0.015848 seconds
Number of updated asset objects reloaded before import = 0
Number of asset objects unloaded after import = 9
========================================================================
Received Import Request.
  Time since last request: 0.000020 seconds.
  path: Assets/_Course Library/Source Files/Models/Container_WateringCan.fbx
  artifactKey: Guid(d569962d51477d94a8f8502b1f740b3f) Importer(815301076,1909f56bfc062723c751e8b465ee728b)
Start importing Assets/_Course Library/Source Files/Models/Container_WateringCan.fbx using Guid(d569962d51477d94a8f8502b1f740b3f) Importer(815301076,1909f56bfc062723c751e8b465ee728b)  -> (artifact id: '2d406f830e482119fe18925251977960') in 0.017311 seconds
Number of updated asset objects reloaded before import = 0
Number of asset objects unloaded after import = 9
========================================================================
Received Import Request.
  Time since last request: 0.000016 seconds.
  path: Assets/_Course Library/Source Files/Models/Art_Painting_1.fbx
  artifactKey: Guid(532e7074e2e914c4190b79a6fd2a2669) Importer(815301076,1909f56bfc062723c751e8b465ee728b)
Start importing Assets/_Course Library/Source Files/Models/Art_Painting_1.fbx using Guid(532e7074e2e914c4190b79a6fd2a2669) Importer(815301076,1909f56bfc062723c751e8b465ee728b)  -> (artifact id: '610002dee69d41fa4000dc6d9c53c2f1') in 0.066896 seconds
Number of updated asset objects reloaded before import = 0
Number of asset objects unloaded after import = 9
========================================================================
Received Import Request.
  Time since last request: 0.000020 seconds.
  path: Assets/_Course Library/Source Files/Models/Drawers_Modern.fbx
  artifactKey: Guid(c42ddb965267b0349a4cb7eafde0e7a4) Importer(815301076,1909f56bfc062723c751e8b465ee728b)
Start importing Assets/_Course Library/Source Files/Models/Drawers_Modern.fbx using Guid(c42ddb965267b0349a4cb7eafde0e7a4) Importer(815301076,1909f56bfc062723c751e8b465ee728b)  -> (artifact id: '0bdaee02e7710a19f24c1999071559b0') in 0.117631 seconds
Number of updated asset objects reloaded before import = 0
Number of asset objects unloaded after import = 31
========================================================================
Received Import Request.
  Time since last request: 0.000031 seconds.
  path: Assets/_Course Library/Source Files/Models/Container_Can_1.fbx
  artifactKey: Guid(2d4967b7adb42d540a5ff14c43037698) Importer(815301076,1909f56bfc062723c751e8b465ee728b)
Start importing Assets/_Course Library/Source Files/Models/Container_Can_1.fbx using Guid(2d4967b7adb42d540a5ff14c43037698) Importer(815301076,1909f56bfc062723c751e8b465ee728b)  -> (artifact id: '26969dda34f28921eb74bc8e0cf8a4e7') in 0.042913 seconds
Number of updated asset objects reloaded before import = 0
Number of asset objects unloaded after import = 21
========================================================================
Received Import Request.
  Time since last request: 0.000015 seconds.
  path: Assets/_Course Library/Source Files/Models/Art_Painting_3.fbx
  artifactKey: Guid(2b2238b54f5ddf94f80c61ab243c13c3) Importer(815301076,1909f56bfc062723c751e8b465ee728b)
Start importing Assets/_Course Library/Source Files/Models/Art_Painting_3.fbx using Guid(2b2238b54f5ddf94f80c61ab243c13c3) Importer(815301076,1909f56bfc062723c751e8b465ee728b)  -> (artifact id: '59226ad93674aaad34ff5ac3c03136c3') in 0.015286 seconds
Number of updated asset objects reloaded before import = 0
Number of asset objects unloaded after import = 9
========================================================================
Received Import Request.
  Time since last request: 0.014330 seconds.
  path: Assets/_Course Library/Source Files/Models/Ball_Tennis_B.fbx
  artifactKey: Guid(479d30e27e09d5d40ad7bc3e3c719170) Importer(815301076,1909f56bfc062723c751e8b465ee728b)
Start importing Assets/_Course Library/Source Files/Models/Ball_Tennis_B.fbx using Guid(479d30e27e09d5d40ad7bc3e3c719170) Importer(815301076,1909f56bfc062723c751e8b465ee728b)  -> (artifact id: 'd57444be625cddc226b35a2450b18cc0') in 0.017608 seconds
Number of updated asset objects reloaded before import = 0
Number of asset objects unloaded after import = 9
========================================================================
Received Import Request.
  Time since last request: 0.000017 seconds.
  path: Assets/_Course Library/Source Files/Models/Food_Apple.fbx
  artifactKey: Guid(849ab66be6b9d5149adcdc3fda487ea4) Importer(815301076,1909f56bfc062723c751e8b465ee728b)
Start importing Assets/_Course Library/Source Files/Models/Food_Apple.fbx using Guid(849ab66be6b9d5149adcdc3fda487ea4) Importer(815301076,1909f56bfc062723c751e8b465ee728b)  -> (artifact id: '53251d4843ccce07674d0af3915846ff') in 0.014837 seconds
Number of updated asset objects reloaded before import = 0
Number of asset objects unloaded after import = 9
========================================================================
Received Import Request.
  Time since last request: 0.000015 seconds.
  path: Assets/_Course Library/Source Files/Models/Lightsource_Flashlight.fbx
  artifactKey: Guid(7302d9405775f604cb9547e93531c1b0) Importer(815301076,1909f56bfc062723c751e8b465ee728b)
Start importing Assets/_Course Library/Source Files/Models/Lightsource_Flashlight.fbx using Guid(7302d9405775f604cb9547e93531c1b0) Importer(815301076,1909f56bfc062723c751e8b465ee728b)  -> (artifact id: '4def9ab79fa17672e68403385680f547') in 0.019242 seconds
Number of updated asset objects reloaded before import = 0
Number of asset objects unloaded after import = 9
========================================================================
Received Import Request.
  Time since last request: 0.000023 seconds.
  path: Assets/_Course Library/Source Files/Models/Launcher_Dart.fbx
  artifactKey: Guid(2acafd95d729d5042b127656b965d6c6) Importer(815301076,1909f56bfc062723c751e8b465ee728b)
Start importing Assets/_Course Library/Source Files/Models/Launcher_Dart.fbx using Guid(2acafd95d729d5042b127656b965d6c6) Importer(815301076,1909f56bfc062723c751e8b465ee728b)  -> (artifact id: '2f221fd275e33bc820fd108ece33b964') in 0.015399 seconds
Number of updated asset objects reloaded before import = 0
Number of asset objects unloaded after import = 9
========================================================================
Received Import Request.
  Time since last request: 0.000019 seconds.
  path: Assets/_Course Library/Source Files/Models/Cabinet_Modern_B.fbx
  artifactKey: Guid(332ad90e44467c44a81dea0f29d07765) Importer(815301076,1909f56bfc062723c751e8b465ee728b)
Start importing Assets/_Course Library/Source Files/Models/Cabinet_Modern_B.fbx using Guid(332ad90e44467c44a81dea0f29d07765) Importer(815301076,1909f56bfc062723c751e8b465ee728b)  -> (artifact id: 'a3483fa1e5c0ed2d118eb5f099fed172') in 0.029761 seconds
Number of updated asset objects reloaded before import = 0
Number of asset objects unloaded after import = 21
========================================================================
Received Import Request.
  Time since last request: 0.000024 seconds.
  path: Assets/_Course Library/Source Files/Models/Bin_B_1.fbx
  artifactKey: Guid(b906d7d1081bedc43ab2158c09239d19) Importer(815301076,1909f56bfc062723c751e8b465ee728b)
Start importing Assets/_Course Library/Source Files/Models/Bin_B_1.fbx using Guid(b906d7d1081bedc43ab2158c09239d19) Importer(815301076,1909f56bfc062723c751e8b465ee728b)  -> (artifact id: '20a93bfa07dbfe3ca99672e3c87a52e0') in 0.017152 seconds
Number of updated asset objects reloaded before import = 0
Number of asset objects unloaded after import = 9
========================================================================
Received Import Request.
  Time since last request: 0.000017 seconds.
  path: Assets/_Course Library/Source Files/Models/Chair_Rustic_B.fbx
  artifactKey: Guid(524a1d56c9e4b094ab81b571f753ce16) Importer(815301076,1909f56bfc062723c751e8b465ee728b)
Start importing Assets/_Course Library/Source Files/Models/Chair_Rustic_B.fbx using Guid(524a1d56c9e4b094ab81b571f753ce16) Importer(815301076,1909f56bfc062723c751e8b465ee728b)  -> (artifact id: '4157693477ceca442c4a7c5af6190c27') in 0.015195 seconds
Number of updated asset objects reloaded before import = 0
Number of asset objects unloaded after import = 9
========================================================================
Received Import Request.
  Time since last request: 0.000017 seconds.
  path: Assets/_Course Library/Source Files/Models/Button_Pause.fbx
  artifactKey: Guid(b29014f100d952745a4548e8069f1d95) Importer(815301076,1909f56bfc062723c751e8b465ee728b)
Start importing Assets/_Course Library/Source Files/Models/Button_Pause.fbx using Guid(b29014f100d952745a4548e8069f1d95) Importer(815301076,1909f56bfc062723c751e8b465ee728b)  -> (artifact id: '831242fd80e171e3a10a20141c2e099e') in 0.016908 seconds
Number of updated asset objects reloaded before import = 0
Number of asset objects unloaded after import = 9
========================================================================
Received Import Request.
  Time since last request: 0.000014 seconds.
  path: Assets/_Course Library/Source Files/Models/Food_Orange.fbx
  artifactKey: Guid(9b260edfbb2e1e64da61c35616c6911e) Importer(815301076,1909f56bfc062723c751e8b465ee728b)
Start importing Assets/_Course Library/Source Files/Models/Food_Orange.fbx using Guid(9b260edfbb2e1e64da61c35616c6911e) Importer(815301076,1909f56bfc062723c751e8b465ee728b)  -> (artifact id: 'dad0d6dd4665310f37ae2a8bd3aca610') in 0.017839 seconds
Number of updated asset objects reloaded before import = 0
Number of asset objects unloaded after import = 9
========================================================================
Received Import Request.
  Time since last request: 0.000019 seconds.
  path: Assets/_Course Library/Source Files/Models/Launcher_DartGun.fbx
  artifactKey: Guid(49344d184707a6d488a27aa72f9df271) Importer(815301076,1909f56bfc062723c751e8b465ee728b)
Start importing Assets/_Course Library/Source Files/Models/Launcher_DartGun.fbx using Guid(49344d184707a6d488a27aa72f9df271) Importer(815301076,1909f56bfc062723c751e8b465ee728b)  -> (artifact id: '0fab6795f157d40429270491d7de7b1b') in 0.027377 seconds
Number of updated asset objects reloaded before import = 0
Number of asset objects unloaded after import = 16
========================================================================
Received Import Request.
  Time since last request: 0.000026 seconds.
  path: Assets/_Course Library/Source Files/Models/Mat_B_2.fbx
  artifactKey: Guid(22121cdf70ace6c469efdb3b7114a1e2) Importer(815301076,1909f56bfc062723c751e8b465ee728b)
Start importing Assets/_Course Library/Source Files/Models/Mat_B_2.fbx using Guid(22121cdf70ace6c469efdb3b7114a1e2) Importer(815301076,1909f56bfc062723c751e8b465ee728b)  -> (artifact id: '530c7408195cac37de5d9bc0db8e5a66') in 0.016307 seconds
Number of updated asset objects reloaded before import = 0
Number of asset objects unloaded after import = 9
========================================================================
Received Import Request.
  Time since last request: 0.000021 seconds.
  path: Assets/_Course Library/Source Files/Models/Couch_Rustic_C.fbx
  artifactKey: Guid(4820b69fdc07d56429ed65fb7c6ffb22) Importer(815301076,1909f56bfc062723c751e8b465ee728b)
Start importing Assets/_Course Library/Source Files/Models/Couch_Rustic_C.fbx using Guid(4820b69fdc07d56429ed65fb7c6ffb22) Importer(815301076,1909f56bfc062723c751e8b465ee728b)  -> (artifact id: 'fdb47dfd77f5660451b1d9c9bf3b4a53') in 0.020619 seconds
Number of updated asset objects reloaded before import = 0
Number of asset objects unloaded after import = 9
========================================================================
Received Import Request.
  Time since last request: 0.000016 seconds.
  path: Assets/_Course Library/Source Files/Models/Lightsource_Lantern.fbx
  artifactKey: Guid(e83a7a91e88012447a2a89cc0a3bb21f) Importer(815301076,1909f56bfc062723c751e8b465ee728b)
Start importing Assets/_Course Library/Source Files/Models/Lightsource_Lantern.fbx using Guid(e83a7a91e88012447a2a89cc0a3bb21f) Importer(815301076,1909f56bfc062723c751e8b465ee728b)  -> (artifact id: '582cae1cad322f179a5d8dcd260d20cd') in 0.022538 seconds
Number of updated asset objects reloaded before import = 0
Number of asset objects unloaded after import = 16
========================================================================
Received Import Request.
  Time since last request: 0.019262 seconds.
  path: Assets/_Course Library/Source Files/Models/Mirror_B_2.fbx
  artifactKey: Guid(63893d12c599a544ba4fda9a2a8708ec) Importer(815301076,1909f56bfc062723c751e8b465ee728b)
Start importing Assets/_Course Library/Source Files/Models/Mirror_B_2.fbx using Guid(63893d12c599a544ba4fda9a2a8708ec) Importer(815301076,1909f56bfc062723c751e8b465ee728b)  -> (artifact id: 'be777abb32e709718348c48eb7920e32') in 0.015768 seconds
Number of updated asset objects reloaded before import = 0
Number of asset objects unloaded after import = 9
========================================================================
Received Import Request.
  Time since last request: 0.000016 seconds.
  path: Assets/_Course Library/Source Files/Models/Object_Book_B_3.fbx
  artifactKey: Guid(e42ad9f08033ca94e979f8339f0908fd) Importer(815301076,1909f56bfc062723c751e8b465ee728b)
Start importing Assets/_Course Library/Source Files/Models/Object_Book_B_3.fbx using Guid(e42ad9f08033ca94e979f8339f0908fd) Importer(815301076,1909f56bfc062723c751e8b465ee728b)  -> (artifact id: 'ca30857cf183c46cd6fd41c146bb02c6') in 0.015904 seconds
Number of updated asset objects reloaded before import = 0
Number of asset objects unloaded after import = 9
========================================================================
Received Import Request.
  Time since last request: 0.000013 seconds.
  path: Assets/_Course Library/Source Files/Models/Hat_Cap.fbx
  artifactKey: Guid(60d768ce4d3e8bf4e977015d18b28e23) Importer(815301076,1909f56bfc062723c751e8b465ee728b)
Start importing Assets/_Course Library/Source Files/Models/Hat_Cap.fbx using Guid(60d768ce4d3e8bf4e977015d18b28e23) Importer(815301076,1909f56bfc062723c751e8b465ee728b)  -> (artifact id: '27bcf7a6444e148c48d31234a9358295') in 0.015532 seconds
Number of updated asset objects reloaded before import = 0
Number of asset objects unloaded after import = 9
========================================================================
Received Import Request.
  Time since last request: 0.000014 seconds.
  path: Assets/_Course Library/Source Files/Models/Object_Book_C_1.fbx
  artifactKey: Guid(ffdab3e0f7bc6fb469e90954fd0494de) Importer(815301076,1909f56bfc062723c751e8b465ee728b)
Start importing Assets/_Course Library/Source Files/Models/Object_Book_C_1.fbx using Guid(ffdab3e0f7bc6fb469e90954fd0494de) Importer(815301076,1909f56bfc062723c751e8b465ee728b)  -> (artifact id: 'b499ba00e651d8afc91ddfbd811b5d13') in 0.014623 seconds
Number of updated asset objects reloaded before import = 0
Number of asset objects unloaded after import = 9
========================================================================
Received Import Request.
  Time since last request: 0.000013 seconds.
  path: Assets/_Course Library/Source Files/Models/Object_Book_A_3.fbx
  artifactKey: Guid(3e4463212d2a65946b952bb19ffd6030) Importer(815301076,1909f56bfc062723c751e8b465ee728b)
Start importing Assets/_Course Library/Source Files/Models/Object_Book_A_3.fbx using Guid(3e4463212d2a65946b952bb19ffd6030) Importer(815301076,1909f56bfc062723c751e8b465ee728b)  -> (artifact id: '828912fae8577982376b2a4364567db9') in 0.013091 seconds
Number of updated asset objects reloaded before import = 0
Number of asset objects unloaded after import = 9
========================================================================
Received Import Request.
  Time since last request: 0.000012 seconds.
  path: Assets/_Course Library/Materials/Solid Colors/Orange.mat
  artifactKey: Guid(a4b38064cb4316748914ac9f56485649) Importer(815301076,1909f56bfc062723c751e8b465ee728b)
Start importing Assets/_Course Library/Materials/Solid Colors/Orange.mat using Guid(a4b38064cb4316748914ac9f56485649) Importer(815301076,1909f56bfc062723c751e8b465ee728b)  -> (artifact id: '4334d86b6349f23565f366fa20972599') in 0.009116 seconds
Number of updated asset objects reloaded before import = 0
Number of asset objects unloaded after import = 2
========================================================================
Received Import Request.
  Time since last request: 0.000012 seconds.
  path: Assets/_Course Library/Source Files/Models/Hat_Captain.fbx
  artifactKey: Guid(86dd1be66f63daf44ba9565591143535) Importer(815301076,1909f56bfc062723c751e8b465ee728b)
Start importing Assets/_Course Library/Source Files/Models/Hat_Captain.fbx using Guid(86dd1be66f63daf44ba9565591143535) Importer(815301076,1909f56bfc062723c751e8b465ee728b)  -> (artifact id: '068026f6d8bfe59572ef028310598ad8') in 0.013108 seconds
Number of updated asset objects reloaded before import = 0
Number of asset objects unloaded after import = 9
========================================================================
Received Import Request.
  Time since last request: 0.000012 seconds.
  path: Assets/_Course Library/Source Files/Models/Object_Book_A_2.fbx
  artifactKey: Guid(875fda535dd36db4e889757f0cc9cc37) Importer(815301076,1909f56bfc062723c751e8b465ee728b)
Start importing Assets/_Course Library/Source Files/Models/Object_Book_A_2.fbx using Guid(875fda535dd36db4e889757f0cc9cc37) Importer(815301076,1909f56bfc062723c751e8b465ee728b)  -> (artifact id: 'ef4daad397c3d9dadf8438adec5e9d6e') in 0.012987 seconds
Number of updated asset objects reloaded before import = 0
Number of asset objects unloaded after import = 9
========================================================================
Received Import Request.
  Time since last request: 0.000015 seconds.
  path: Assets/_Course Library/Source Files/Models/Object_Book_B_4.fbx
  artifactKey: Guid(9245a3ab6c7065c4582dd73704f11309) Importer(815301076,1909f56bfc062723c751e8b465ee728b)
Start importing Assets/_Course Library/Source Files/Models/Object_Book_B_4.fbx using Guid(9245a3ab6c7065c4582dd73704f11309) Importer(815301076,1909f56bfc062723c751e8b465ee728b)  -> (artifact id: 'bb57c68fe5106cb9b2c614d50a9c4046') in 0.017810 seconds
Number of updated asset objects reloaded before import = 0
Number of asset objects unloaded after import = 9
========================================================================
Received Import Request.
  Time since last request: 0.000018 seconds.
  path: Assets/_Course Library/Materials/Solid Colors/Red.mat
  artifactKey: Guid(8313b7f851584554aa895abc637c721f) Importer(815301076,1909f56bfc062723c751e8b465ee728b)
Start importing Assets/_Course Library/Materials/Solid Colors/Red.mat using Guid(8313b7f851584554aa895abc637c721f) Importer(815301076,1909f56bfc062723c751e8b465ee728b)  -> (artifact id: 'a41a9aa81068bd42a9487433411c2127') in 0.010497 seconds
Number of updated asset objects reloaded before import = 0
Number of asset objects unloaded after import = 2
========================================================================
Received Import Request.
  Time since last request: 0.000024 seconds.
  path: Assets/Challenges/02_3DPainting/Materials/Pedestal.mat
  artifactKey: Guid(02c43f709cbd4455eb3d2225c6f9cdde) Importer(815301076,1909f56bfc062723c751e8b465ee728b)
Start importing Assets/Challenges/02_3DPainting/Materials/Pedestal.mat using Guid(02c43f709cbd4455eb3d2225c6f9cdde) Importer(815301076,1909f56bfc062723c751e8b465ee728b)  -> (artifact id: '94d09422d0aefa2e5ab458e974d455a2') in 0.011192 seconds
Number of updated asset objects reloaded before import = 0
Number of asset objects unloaded after import = 2
========================================================================
Received Import Request.
  Time since last request: 0.000014 seconds.
  path: Assets/_Course Library/Materials/Solid Colors/RedDark.mat
  artifactKey: Guid(ac486b295b8d54758a11e0eba1cb0d9a) Importer(815301076,1909f56bfc062723c751e8b465ee728b)
Start importing Assets/_Course Library/Materials/Solid Colors/RedDark.mat using Guid(ac486b295b8d54758a11e0eba1cb0d9a) Importer(815301076,1909f56bfc062723c751e8b465ee728b)  -> (artifact id: 'b2f28408a2f50a5d7b1f1c3058c045df') in 0.005262 seconds
Number of updated asset objects reloaded before import = 0
Number of asset objects unloaded after import = 2
========================================================================
Received Import Request.
  Time since last request: 0.000019 seconds.
  path: Assets/_Course Library/Source Files/Models/Lightsource_Candle.fbx
  artifactKey: Guid(f9f87b1afb8abef438118d39b7c8263b) Importer(815301076,1909f56bfc062723c751e8b465ee728b)
Start importing Assets/_Course Library/Source Files/Models/Lightsource_Candle.fbx using Guid(f9f87b1afb8abef438118d39b7c8263b) Importer(815301076,1909f56bfc062723c751e8b465ee728b)  -> (artifact id: 'e7cd2636ece56d581af627a86d5f3f71') in 0.023237 seconds
Number of updated asset objects reloaded before import = 0
Number of asset objects unloaded after import = 16
========================================================================
Received Import Request.
  Time since last request: 0.000014 seconds.
  path: Packages/com.unity.render-pipelines.universal/Runtime/Materials/PhysicalMaterial3DsMax/PhysicalMaterial3DsMaxTransparent.shadergraph
  artifactKey: Guid(1a207e3bee00db44b940e6f362a8e148) Importer(815301076,1909f56bfc062723c751e8b465ee728b)
Start importing Packages/com.unity.render-pipelines.universal/Runtime/Materials/PhysicalMaterial3DsMax/PhysicalMaterial3DsMaxTransparent.shadergraph using Guid(1a207e3bee00db44b940e6f362a8e148) Importer(815301076,1909f56bfc062723c751e8b465ee728b)  -> (artifact id: '49650127c16c58faf43d37887e61cef1') in 2.132523 seconds
Number of updated asset objects reloaded before import = 0
Number of asset objects unloaded after import = 3
========================================================================
Received Import Request.
  Time since last request: 0.000021 seconds.
  path: Packages/com.unity.render-pipelines.universal/Shaders/2D/VFXSpriteUnlit.shadergraph
  artifactKey: Guid(d7288f66e4fb0634c9afef98c31b722a) Importer(815301076,1909f56bfc062723c751e8b465ee728b)
Start importing Packages/com.unity.render-pipelines.universal/Shaders/2D/VFXSpriteUnlit.shadergraph using Guid(d7288f66e4fb0634c9afef98c31b722a) Importer(815301076,1909f56bfc062723c751e8b465ee728b)  -> (artifact id: '0990bdb56c202517b065c49f36ac1cc5') in 0.212063 seconds
Number of updated asset objects reloaded before import = 0
Number of asset objects unloaded after import = 3
========================================================================
Received Import Request.
  Time since last request: 0.000025 seconds.
  path: Assets/Challenges/01_Architecture/Materials/Walls.mat
  artifactKey: Guid(99ae0efbba907da4f933560b695093f7) Importer(815301076,1909f56bfc062723c751e8b465ee728b)
Start importing Assets/Challenges/01_Architecture/Materials/Walls.mat using Guid(99ae0efbba907da4f933560b695093f7) Importer(815301076,1909f56bfc062723c751e8b465ee728b)  -> (artifact id: '07afdbc6fd6bcc842b5832bc0ee40d17') in 0.014925 seconds
Number of updated asset objects reloaded before import = 0
Number of asset objects unloaded after import = 2
========================================================================
Received Import Request.
  Time since last request: 0.000020 seconds.
  path: Assets/_Course Library/Source Files/Models/Fireplace_modern_Log4.FBX
  artifactKey: Guid(cd58a5341918c884a948876bd8a90b9a) Importer(815301076,1909f56bfc062723c751e8b465ee728b)
Start importing Assets/_Course Library/Source Files/Models/Fireplace_modern_Log4.FBX using Guid(cd58a5341918c884a948876bd8a90b9a) Importer(815301076,1909f56bfc062723c751e8b465ee728b)  -> (artifact id: '875bdf37a146409bb9a145a77f7b5b5a') in 0.027290 seconds
Number of updated asset objects reloaded before import = 0
Number of asset objects unloaded after import = 10
========================================================================
Received Import Request.
  Time since last request: 0.000016 seconds.
  path: Assets/_Course Library/Source Files/Models/Lighter_Candle_2.FBX
  artifactKey: Guid(d0c8f02132d88254685d0679d620ff22) Importer(815301076,1909f56bfc062723c751e8b465ee728b)
Start importing Assets/_Course Library/Source Files/Models/Lighter_Candle_2.FBX using Guid(d0c8f02132d88254685d0679d620ff22) Importer(815301076,1909f56bfc062723c751e8b465ee728b)  -> (artifact id: '44981ee0b780b82d3b886d8fc430c1c6') in 0.024538 seconds
Number of updated asset objects reloaded before import = 0
Number of asset objects unloaded after import = 10
========================================================================
Received Import Request.
  Time since last request: 0.000024 seconds.
  path: Assets/_Course Library/Source Files/Models/Fireplace_Rustic_Log4.FBX
  artifactKey: Guid(31c163289e5a4a14a89443673679f516) Importer(815301076,1909f56bfc062723c751e8b465ee728b)
Start importing Assets/_Course Library/Source Files/Models/Fireplace_Rustic_Log4.FBX using Guid(31c163289e5a4a14a89443673679f516) Importer(815301076,1909f56bfc062723c751e8b465ee728b)  -> (artifact id: '35721d6f03fe3ab2783ee839e031d147') in 0.025313 seconds
Number of updated asset objects reloaded before import = 0
Number of asset objects unloaded after import = 10
========================================================================
Received Import Request.
  Time since last request: 0.000022 seconds.
  path: Packages/com.unity.render-pipelines.universal/Shaders/Nature/SpeedTree8_PBRLit.shadergraph
  artifactKey: Guid(9920c1f1781549a46ba081a2a15a16ec) Importer(815301076,1909f56bfc062723c751e8b465ee728b)
Start importing Packages/com.unity.render-pipelines.universal/Shaders/Nature/SpeedTree8_PBRLit.shadergraph using Guid(9920c1f1781549a46ba081a2a15a16ec) Importer(815301076,1909f56bfc062723c751e8b465ee728b)  -> (artifact id: '19615a364a4af1e8706a6351c6282675') in 1.171492 seconds
Number of updated asset objects reloaded before import = 0
Number of asset objects unloaded after import = 2
========================================================================
Received Prepare
Begin MonoManager ReloadAssembly
- Loaded All Assemblies, in  0.364 seconds
Refreshing native plugins compatible for Editor in 9.67 ms, found 9 plugins.
Native extension for UWP target not found
Native extension for WindowsStandalone target not found
[Package Manager] Server::EnsureServerProcessIsRunning -- launch failed, reason: Unity was launched with the -noUpm command-line argument
[Package Manager] UpmClient::Send -- Unable to send message (not connected to UPM process).
[Package Manager] Cannot connect to Unity Package Manager local server
[Package Manager] Server::EnsureServerProcessIsRunning -- launch failed, reason: Unity was launched with the -noUpm command-line argument
[Package Manager] UpmClient::Send -- Unable to send message (not connected to UPM process).
[Package Manager] Cannot connect to Unity Package Manager local server
Mono: successfully reloaded assembly
[Package Manager] Server::EnsureServerProcessIsRunning -- launch failed, reason: Unity was launched with the -noUpm command-line argument
[Package Manager] UpmClient::Send -- Unable to send message (not connected to UPM process).
[Package Manager] Cannot connect to Unity Package Manager local server
- Finished resetting the current domain, in  1.026 seconds
Domain Reload Profiling: 1389ms
	BeginReloadAssembly (149ms)
		ExecutionOrderSort (0ms)
		DisableScriptedObjects (7ms)
		BackupInstance (0ms)
		ReleaseScriptingObjects (0ms)
		CreateAndSetChildDomain (36ms)
	RebuildCommonClasses (24ms)
	RebuildNativeTypeToScriptingClass (8ms)
	initialDomainReloadingComplete (19ms)
	LoadAllAssembliesAndSetupDomain (162ms)
		LoadAssemblies (225ms)
		RebuildTransferFunctionScriptingTraits (0ms)
		AnalyzeDomain (16ms)
			TypeCache.Refresh (5ms)
				TypeCache.ScanAssembly (0ms)
			ScanForSourceGeneratedMonoScriptInfo (0ms)
			ResolveRequiredComponents (10ms)
	FinalizeReload (1026ms)
		ReleaseScriptCaches (0ms)
		RebuildScriptCaches (0ms)
		SetupLoadedEditorAssemblies (380ms)
			LogAssemblyErrors (0ms)
			InitializePlatformSupportModulesInManaged (4ms)
			SetLoadedEditorAssemblies (2ms)
			RefreshPlugins (0ms)
			BeforeProcessingInitializeOnLoad (58ms)
			ProcessInitializeOnLoadAttributes (247ms)
			ProcessInitializeOnLoadMethodAttributes (66ms)
			AfterProcessingInitializeOnLoad (2ms)
			EditorAssembliesLoaded (0ms)
		ExecutionOrderSort2 (0ms)
		AwakeInstancesAfterBackupRestoration (9ms)
Refreshing native plugins compatible for Editor in 9.82 ms, found 9 plugins.
Preloading 0 native plugins for Editor in 0.00 ms.
Unloading 5997 Unused Serialized files (Serialized files now loaded: 0)
Unloading 76 unused Assets / (337.7 KB). Loaded Objects now: 6712.
Memory consumption went from 210.7 MB to 210.4 MB.
Total: 31.057900 ms (FindLiveObjects: 0.395700 ms CreateObjectMapping: 0.166800 ms MarkObjects: 30.333100 ms  DeleteObjects: 0.161300 ms)

Prepare: number of updated asset objects reloaded= 0
AssetImportParameters requested are different than current active one (requested -> active):
  custom:container-demuxer-ogg: 62fdf1f143b41e24485cea50d1cbac27 -> 
  custom:video-decoder-ogg-theora: a1e56fd34408186e4bbccfd4996cb3dc -> 
  custom:framework-win-MediaFoundation: 216162199b28c13a410421893ffa2e32 -> 
  custom:CustomObjectIndexerAttribute: a3ef5dd2817f97addfee359851a9dba5 -> 
  custom:container-demuxer-webm: 4f35f7cbe854078d1ac9338744f61a02 -> 
  custom:container-muxer-webm: aa71ff27fc2769a1b78a27578f13a17b -> 
  custom:video-decoder-webm-vp8: 9c59270c3fd7afecdb556c50c9e8de78 -> 
  custom:SearchIndexIgnoredProperties: e643bd26f0fe6173181afceb89e7c659 -> 
  custom:AudioImporter_EditorPlatform: d09bf68614088b80899f8185d706f6e7 -> 
  custom:video-encoder-webm-vp8: eb34c28f22e8b96e1ab97ce403110664 -> 
  custom:audio-decoder-ogg-vorbis: bf7c407c2cedff20999df2af8eb42d56 -> 
  custom:audio-encoder-webm-vorbis: bf7c407c2cedff20999df2af8eb42d56 -> 
